[2016-11-14 21:42:19] run_gem_wrappers_regenerate
run_gem_wrappers_regenerate () 
{ 
    gem_install gem-wrappers && gem wrappers regenerate || return $?
}
current path: /home/vagrant
GEM_HOME=/home/vagrant/.rvm/gems/ruby-2.3.0@global
PATH=/home/vagrant/.rvm/gems/ruby-2.3.0@global/bin:/home/vagrant/.rvm/rubies/ruby-2.3.0/bin:/home/vagrant/.rvm/bin:/usr/local/bin:/usr/bin:/bin:/usr/local/games:/usr/games
GEM_PATH=/home/vagrant/.rvm/gems/ruby-2.3.0@global
command(1): run_gem_wrappers_regenerate
+ gem_install gem-wrappers
+ typeset gem_name gem_version version_check
+ gem_version=
+ __rvm_parse_gems_args gem-wrappers
+ typeset gem=gem-wrappers
+ __rvm_string_match gem-wrappers '*.gem$'
+ typeset _string
+ _string=gem-wrappers
+ shift
+ ((  1  ))
+ case "${_string}" in
+ shift
+ ((  0  ))
+ return 1
+ gem_name=gem-wrappers
+ case "$gem" in
+ [[ -z '' ]]
+ __rvm_db gem_gem-wrappers_version gem_version
+ typeset value key variable
+ key=gem_gem-wrappers_version
+ key=gem_gem-wrappers_version
+ variable=gem_version
+ value=
+ [[ -f /home/vagrant/.rvm/user/db ]]
++ __rvm_db_ /home/vagrant/.rvm/user/db gem_gem-wrappers_version
++ typeset __db __key __value
++ __db=/home/vagrant/.rvm/user/db
++ __key=gem_gem-wrappers_version
++ shift 2
++ __value=
++ case "${__value}" in
++ __rvm_db_get /home/vagrant/.rvm/user/db gem_gem-wrappers_version
++ [[ -f /home/vagrant/.rvm/user/db ]]
++ __rvm_sed -n -e '\#^gem_gem-wrappers_version=# { s#^gem_gem-wrappers_version=##;; p; }' -e '/^$/d'
++ sed -n -e '\#^gem_gem-wrappers_version=# { s#^gem_gem-wrappers_version=##;; p; }' -e '/^$/d'
+ value=
+ [[ -z '' ]]
+ [[ -f /home/vagrant/.rvm/config/db ]]
++ __rvm_db_ /home/vagrant/.rvm/config/db gem_gem-wrappers_version
++ typeset __db __key __value
++ __db=/home/vagrant/.rvm/config/db
++ __key=gem_gem-wrappers_version
++ shift 2
++ __value=
++ case "${__value}" in
++ __rvm_db_get /home/vagrant/.rvm/config/db gem_gem-wrappers_version
++ [[ -f /home/vagrant/.rvm/config/db ]]
++ __rvm_sed -n -e '\#^gem_gem-wrappers_version=# { s#^gem_gem-wrappers_version=##;; p; }' -e '/^$/d'
++ sed -n -e '\#^gem_gem-wrappers_version=# { s#^gem_gem-wrappers_version=##;; p; }' -e '/^$/d'
+ value='>=1.2.7'
+ [[ -n >=1.2.7 ]]
+ [[ -n gem_version ]]
+ eval 'gem_version='\''>=1.2.7'\'''
++ gem_version='>=1.2.7'
+ true
+ ((  0 == 0  ))
+ is_gem_installed
+ typeset gem_spec
+ gem_spec='gem '\''gem-wrappers'\'''
+ [[ -n >=1.2.7 ]]
+ gem_spec+=', '\''>=1.2.7'\'''
+ version_check=1.2.7
+ ls -ld /home/vagrant/.rvm/gems/ruby-2.3.0@global/gems/gem-wrappers-1.2.7
+ rvm_log 'gem gem-wrappers >=1.2.7 is already installed'
+ [[ '' == 1 ]]
+ rvm_pretty_print stdout
+ case "${rvm_pretty_print_flag:=auto}" in
+ case "${TERM:-dumb}" in
+ return 1
+ printf %b 'gem gem-wrappers >=1.2.7 is already installed\n'
gem gem-wrappers >=1.2.7 is already installed
+ return 0
+ gem wrappers regenerate
